Performing C SOURCE FILE Test CMAKE_HAVE_LIBC_PTHREAD failed with the following output:
Change Dir: /home/user/GitHub/catkin_ws/build/kalman_filter_python/CMakeFiles/CMakeTmp

Run Build Command(s):/usr/bin/make cmTC_97a69/fast && /usr/bin/make -f CMakeFiles/cmTC_97a69.dir/build.make CMakeFiles/cmTC_97a69.dir/build
make[1]: 進入目錄「/home/user/GitHub/catkin_ws/build/kalman_filter_python/CMakeFiles/CMakeTmp」
Building C object CMakeFiles/cmTC_97a69.dir/src.c.o
/usr/bin/cc   -DCMAKE_HAVE_LIBC_PTHREAD   -o CMakeFiles/cmTC_97a69.dir/src.c.o   -c /home/user/GitHub/catkin_ws/build/kalman_filter_python/CMakeFiles/CMakeTmp/src.c
Linking C executable cmTC_97a69
/usr/bin/cmake -E cmake_link_script CMakeFiles/cmTC_97a69.dir/link.txt --verbose=1
/usr/bin/cc  -DCMAKE_HAVE_LIBC_PTHREAD    -rdynamic CMakeFiles/cmTC_97a69.dir/src.c.o  -o cmTC_97a69 
/usr/bin/ld: CMakeFiles/cmTC_97a69.dir/src.c.o: in function `main':
src.c:(.text+0x46): undefined reference to `pthread_create'
/usr/bin/ld: src.c:(.text+0x52): undefined reference to `pthread_detach'
/usr/bin/ld: src.c:(.text+0x63): undefined reference to `pthread_join'
collect2: error: ld returned 1 exit status
make[1]: *** [CMakeFiles/cmTC_97a69.dir/build.make:87：cmTC_97a69] 錯誤 1
make[1]: 離開目錄「/home/user/GitHub/catkin_ws/build/kalman_filter_python/CMakeFiles/CMakeTmp」
make: *** [Makefile:121：cmTC_97a69/fast] 錯誤 2


Source file was:
#include <pthread.h>

void* test_func(void* data)
{
  return data;
}

int main(void)
{
  pthread_t thread;
  pthread_create(&thread, NULL, test_func, NULL);
  pthread_detach(thread);
  pthread_join(thread, NULL);
  pthread_atfork(NULL, NULL, NULL);
  pthread_exit(NULL);

  return 0;
}

Determining if the function pthread_create exists in the pthreads failed with the following output:
Change Dir: /home/user/GitHub/catkin_ws/build/kalman_filter_python/CMakeFiles/CMakeTmp

Run Build Command(s):/usr/bin/make cmTC_20e8b/fast && /usr/bin/make -f CMakeFiles/cmTC_20e8b.dir/build.make CMakeFiles/cmTC_20e8b.dir/build
make[1]: 進入目錄「/home/user/GitHub/catkin_ws/build/kalman_filter_python/CMakeFiles/CMakeTmp」
Building C object CMakeFiles/cmTC_20e8b.dir/CheckFunctionExists.c.o
/usr/bin/cc   -DCHECK_FUNCTION_EXISTS=pthread_create   -o CMakeFiles/cmTC_20e8b.dir/CheckFunctionExists.c.o   -c /usr/share/cmake-3.16/Modules/CheckFunctionExists.c
Linking C executable cmTC_20e8b
/usr/bin/cmake -E cmake_link_script CMakeFiles/cmTC_20e8b.dir/link.txt --verbose=1
/usr/bin/cc  -DCHECK_FUNCTION_EXISTS=pthread_create    -rdynamic CMakeFiles/cmTC_20e8b.dir/CheckFunctionExists.c.o  -o cmTC_20e8b  -lpthreads 
/usr/bin/ld: 找不到 -lpthreads
collect2: error: ld returned 1 exit status
make[1]: *** [CMakeFiles/cmTC_20e8b.dir/build.make:87：cmTC_20e8b] 錯誤 1
make[1]: 離開目錄「/home/user/GitHub/catkin_ws/build/kalman_filter_python/CMakeFiles/CMakeTmp」
make: *** [Makefile:121：cmTC_20e8b/fast] 錯誤 2



