[  1%] Built target geometry_msgs_generate_messages_nodejs
[  1%] Built target std_msgs_generate_messages_lisp
[  1%] Built target std_msgs_generate_messages_py
[  1%] Built target sensor_msgs_generate_messages_lisp
[  2%] Built target test_timer
[  2%] Built target sensor_msgs_generate_messages_nodejs
[  2%] Built target geometry_msgs_generate_messages_lisp
[  2%] Built target sensor_msgs_generate_messages_py
[  2%] Built target geometry_msgs_generate_messages_py
[35m[1mScanning dependencies of target r3live_mapping[0m
[  5%] Built target r3live_LiDAR_front_end
[  5%] Built target geometry_msgs_generate_messages_cpp
[  5%] Built target geometry_msgs_generate_messages_eus
[  5%] Built target std_msgs_generate_messages_cpp
[  5%] Built target std_msgs_generate_messages_nodejs
[  5%] Built target sensor_msgs_generate_messages_eus
[  5%] Built target sensor_msgs_generate_messages_cpp
[  5%] Built target std_msgs_generate_messages_eus
[  5%] Built target _r3liveGPU_generate_messages_check_deps_StampedFloat64MultiArray
[  5%] Built target _r3liveGPU_generate_messages_check_deps_Int32_PointCloud2
[  5%] Built target _r3liveGPU_generate_messages_check_deps_StampedEulerCur
[  5%] Built target _r3liveGPU_generate_messages_check_deps_StampedQuaternion
[  5%] Built target _r3liveGPU_generate_messages_check_deps_StampedInt32
[  5%] Built target _r3liveGPU_generate_messages_check_deps_StampedPOSEND
[  5%] Built target _r3liveGPU_generate_messages_check_deps_State
[  5%] Built target _r3liveGPU_generate_messages_check_deps_Int32_PointCloud
[ 27%] Built target r3live_meshing
[ 52%] Built target r3liveGPU_generate_messages_py
[ 52%] Built target r3liveGPU_generate_messages_lisp
[ 62%] Built target r3liveGPU_generate_messages_nodejs
[ 77%] Built target r3liveGPU_generate_messages_cpp
[ 83%] Built target r3liveGPU_generate_messages_eus
[ 83%] Built target r3liveGPU_generate_messages
[ 85%] [32mBuilding CXX object CMakeFiles/r3live_mapping.dir/src/r3live_lio.cpp.o[0m
[ 86%] [32m[1mLinking CXX executable /home/user/GitHub/catkin_ws/devel/lib/r3liveGPU/r3live_mapping[0m
[100%] Built target r3live_mapping
