0.29329 0.00825
0.39410 0.00664
0.49475 0.00706
0.59459 0.02855
0.69387 0.00662
0.79426 0.02624
0.89410 0.02122
0.99468 0.02033
1.09458 0.02161
1.19437 0.01251
1.29426 0.01134
1.39409 0.01074
1.49460 0.00790
1.59456 0.00769
1.69440 0.00804
1.79425 0.00765
1.89408 0.00853
1.99471 0.00886
2.09455 0.00740
2.19438 0.00756
2.29421 0.00727
2.39407 0.00711
2.49470 0.00702
2.59454 0.00695
2.69437 0.00714
2.79422 0.00780
2.89408 0.00650
2.99473 0.00651
3.09459 0.00684
3.19444 0.00667
3.29429 0.00665
3.39414 0.00689
3.49438 0.00702
3.59422 0.00810
3.69406 0.00696
3.79469 0.00758
3.89454 0.00669
3.99439 0.00660
4.09419 0.00676
4.19405 0.00751
4.29469 0.00701
4.39454 0.00695
4.49438 0.00713
4.59422 0.00696
4.69405 0.00731
4.79470 0.00735
4.89455 0.00705
4.99433 0.00711
5.09422 0.00763
5.19406 0.00669
5.29469 0.00686
5.39452 0.00762
5.49437 0.00698
5.59421 0.00781
5.69406 0.00713
5.79471 0.00754
5.89456 0.00709
5.99440 0.00932
6.09424 0.00743
6.19408 0.00708
6.29472 0.00688
6.39455 0.00673
6.49439 0.00829
6.59408 0.00681
6.69262 0.00668
6.79469 0.00703
6.89453 0.00663
6.99437 0.00688
7.09421 0.00702
7.19405 0.00742
7.29468 0.00719
7.39449 0.00715
7.49431 0.00746
7.59421 0.00730
7.69405 0.00931
7.79470 0.00726
7.89359 0.00699
7.99436 0.00723
8.09420 0.00706
8.19403 0.00723
8.29466 0.00866
8.39448 0.00704
8.49432 0.00710
8.59417 0.00663
8.69441 0.00674
8.79425 0.00676
8.89409 0.00625
8.99472 0.00575
9.09429 0.00573
9.19313 0.00574
9.29425 0.00566
9.39410 0.00563
9.49472 0.00582
9.59456 0.00590
9.69439 0.00625
9.79424 0.00646
9.89405 0.00648
9.99472 0.00650
10.09456 0.00652
10.19440 0.00655
10.29424 0.00668
10.39408 0.00629
10.49473 0.00632
10.59457 0.00712
10.69442 0.00686
10.79423 0.00700
10.89408 0.00777
10.99472 0.00739
11.09454 0.00707
11.19439 0.00687
11.29423 0.00789
11.39407 0.00673
11.49470 0.00674
11.59454 0.00660
11.69378 0.00675
11.79236 0.00673
11.89406 0.00667
11.99469 0.00652
12.09453 0.00652
12.19436 0.00653
12.29420 0.00637
12.39403 0.00617
12.49467 0.01646
12.59452 0.02030
12.69436 0.01609
12.79420 0.00915
12.89404 0.00704
12.99340 0.00674
13.09451 0.00650
13.19434 0.01906
13.29416 0.00611
13.39440 0.01146
13.49424 0.02563
13.59407 0.01013
13.69471 0.02370
13.79455 0.00686
13.89438 0.02642
13.99421 0.00761
14.09404 0.00743
14.19439 0.00683
14.29286 0.00703
14.39438 0.00656
14.49420 0.00673
14.59405 0.00662
14.69470 0.00726
14.79453 0.00667
14.89437 0.00657
14.99420 0.00691
15.09405 0.00680
15.19469 0.00741
15.29453 0.00703
15.39437 0.00662
15.49385 0.00693
15.59269 0.00666
15.69467 0.00692
15.79450 0.01212
15.89433 0.01048
15.99417 0.00881
16.09442 0.00921
16.19426 0.00901
16.29409 0.01029
16.39473 0.00926
16.49457 0.00897
16.59440 0.00992
16.69424 0.00916
16.79366 0.00908
16.89472 0.01225
16.99456 0.00785
17.09441 0.01238
17.19425 0.00788
17.29409 0.00720
17.39472 0.00904
17.49456 0.01065
17.59441 0.00871
17.69425 0.00929
17.79410 0.00897
17.89473 0.00759
17.99457 0.00660
18.09414 0.00922
18.19320 0.01008
18.29409 0.00852
18.39471 0.00673
18.49454 0.00805
18.59437 0.00783
18.69426 0.00773
18.79410 0.00757
18.89474 0.00814
18.99458 0.00809
19.09442 0.00714
19.19426 0.00666
19.29411 0.00680
19.39430 0.00790
19.49366 0.00622
19.59403 0.00653
19.69468 0.00831
19.79452 0.00778
19.89436 0.00800
19.99421 0.00843
20.09403 0.00829
20.19467 0.00714
20.29450 0.00721
20.39435 0.00733
20.49420 0.00719
20.59403 0.00862
20.69461 0.00747
20.79450 0.00777
20.89434 0.00770
20.99418 0.00704
21.09443 0.00810
21.19421 0.00724
21.29410 0.00743
21.39476 0.00712
21.49459 0.00667
21.59444 0.00694
21.69429 0.00665
21.79414 0.00713
21.89437 0.00696
21.99420 0.00706
22.09405 0.00672
22.19468 0.00670
22.29447 0.00707
22.39435 0.00709
22.49420 0.00703
22.59402 0.00725
22.69466 0.00755
22.79450 0.00780
22.89434 0.00731
22.99418 0.00773
23.09442 0.00686
23.19427 0.00745
23.29412 0.00696
23.39436 0.00735
23.49421 0.00719
23.59407 0.00717
23.69470 0.00720
23.79453 0.00696
23.89437 0.00776
23.99421 0.00682
24.09382 0.00695
24.19467 0.00704
24.29453 0.00854
24.39436 0.00719
24.49421 0.00768
24.59406 0.00911
24.69471 0.00777
24.79455 0.00724
24.89437 0.00731
24.99421 0.00837
25.09405 0.00859
25.19469 0.00759
25.29439 0.00736
25.39308 0.00729
25.49418 0.00843
25.59439 0.00729
25.69427 0.00804
25.79412 0.00736
25.89437 0.00803
25.99420 0.00810
26.09405 0.00771
26.19469 0.01395
26.29451 0.01217
26.39437 0.02801
26.49412 0.02048
26.59385 0.01144
26.69469 0.01495
26.79454 0.01156
26.89437 0.01858
26.99420 0.00856
27.09405 0.00764
27.19468 0.00705
27.29450 0.00775
27.39435 0.00771
27.49419 0.00677
27.59403 0.00669
27.69466 0.00709
27.79451 0.00665
27.89338 0.00726
27.99419 0.00699
28.09403 0.00909
28.19467 0.00662
28.29449 0.00757
28.39434 0.00757
28.49416 0.00648
28.59441 0.00621
28.69423 0.00670
28.79409 0.00853
28.89470 0.00651
28.99456 0.01552
29.09439 0.01818
29.19300 0.00646
29.29406 0.00831
29.39471 0.01282
29.49455 0.01699
29.59439 0.02008
29.69423 0.01330
29.79407 0.01041
29.89470 0.01957
29.99455 0.00654
30.09435 0.01883
30.19424 0.01409
30.29408 0.15992
30.39407 0.00680
30.49453 0.00711
30.59439 0.00669
30.69423 0.01705
30.79407 0.00701
30.89472 0.00717
30.99456 0.00693
31.09441 0.00722
31.19425 0.02404
31.29397 0.01501
31.39474 0.00862
31.49459 0.01276
31.59443 0.00703
31.69367 0.00696
31.79211 0.00646
31.89435 0.00649
31.99415 0.00649
32.09440 0.01221
32.19424 0.00765
32.29408 0.00761
32.39472 0.01629
32.49454 0.01989
32.59423 0.00728
32.69424 0.00711
32.79408 0.00669
32.89467 0.00649
32.99312 0.00650
33.09440 0.00725
33.19424 0.00695
33.29408 0.00780
33.39473 0.00697
33.49458 0.00842
33.59441 0.00995
33.69425 0.00776
33.79409 0.00716
33.89470 0.00842
33.99457 0.00999
34.09442 0.00697
34.19415 0.00734
34.29295 0.00701
34.39474 0.00692
34.49458 0.00653
34.59441 0.00711
34.69418 0.00733
34.79410 0.00691
34.89472 0.00688
34.99456 0.00691
35.09439 0.00690
35.19425 0.00832
35.29409 0.00870
35.39474 0.01564
35.49404 0.00821
35.59310 0.00858
35.69424 0.00962
35.79407 0.00911
35.89469 0.00807
35.99455 0.00954
36.09439 0.00845
36.19423 0.01002
36.29406 0.00773
36.39470 0.00685
36.49454 0.01051
36.59440 0.00868
36.69424 0.00647
36.79398 0.00642
36.89473 0.00899
36.99458 0.00902
37.09440 0.00792
37.19425 0.00833
37.29409 0.00849
37.39473 0.00795
37.49458 0.00774
37.59443 0.01105
37.69428 0.00865
37.79413 0.00635
37.89438 0.00693
37.99424 0.00791
38.09406 0.00826
38.19474 0.00732
38.29458 0.00934
38.39441 0.00882
38.49425 0.00776
38.59410 0.00802
38.69473 0.00670
38.79459 0.00629
38.89443 0.00672
38.99427 0.00646
39.09410 0.00761
39.19472 0.00655
39.29458 0.00643
39.39442 0.00698
39.49425 0.00675
39.59410 0.00698
39.69472 0.00703
39.79458 0.00705
39.89442 0.00803
39.99426 0.00903
40.09410 0.00764
40.19474 0.00629
40.29459 0.00609
40.39442 0.00666
40.49426 0.00746
40.59410 0.00775
40.69473 0.00699
40.79457 0.00642
40.89441 0.00650
40.99426 0.00595
41.09409 0.00769
41.19473 0.00622
41.29457 0.00597
41.39440 0.00646
41.49423 0.00622
41.59408 0.00787
41.69472 0.00673
41.79456 0.00690
41.89440 0.00753
41.99422 0.00691
42.09407 0.00642
42.19471 0.00651
42.29455 0.00695
42.39440 0.00633
42.49424 0.00625
42.59408 0.00744
42.69472 0.00659
42.79456 0.00599
42.89440 0.00662
42.99423 0.00670
43.09407 0.00641
43.19469 0.00597
43.29452 0.00597
43.39435 0.00640
43.49383 0.00604
43.59442 0.00637
43.69423 0.00612
43.79409 0.00585
43.89438 0.00572
43.99401 0.00573
44.09315 0.00592
44.19139 0.00564
44.29412 0.00544
44.39435 0.00513
44.49419 0.00537
44.59402 0.00528
44.69461 0.00506
44.79383 0.00539
44.89433 0.00441
44.99418 0.00526
45.09442 0.00542
45.19409 0.00500
45.29370 0.00544
45.39473 0.00513
45.49456 0.00561
45.59440 0.00565
45.69397 0.00548
45.79267 0.00507
45.89472 0.00652
45.99454 0.00624
46.09438 0.00602
46.19421 0.00606
46.29403 0.00664
46.39468 0.00763
46.49453 0.00790
46.59372 0.00807
46.69421 0.00739
46.79407 0.00710
46.89470 0.00707
46.99453 0.00699
47.09432 0.00714
47.19419 0.00688
47.29402 0.00611
47.39465 0.00648
47.49449 0.00658
47.59433 0.00704
47.69415 0.00648
47.79443 0.00600
47.89326 0.00570
47.99408 0.00628
48.09430 0.00566
48.19421 0.00589
48.29406 0.00538
48.39470 0.00601
48.49453 0.01301
48.59369 0.01530
48.69422 0.00815
48.79406 0.01961
48.89422 0.00719
48.99453 0.01218
49.09434 0.00810
49.19288 0.00748
49.29404 0.01378
49.39467 0.00835
49.49450 0.01597
49.59434 0.00906
49.69419 0.01319
49.79405 0.00974
49.89470 0.01824
49.99454 0.01638
50.09439 0.01586
50.19367 0.01640
50.29406 0.01417
50.39394 0.00986
50.49269 0.00791
50.59438 0.00700
50.69420 0.01802
50.79403 0.00708
50.89468 0.00548
50.99451 0.00708
51.09436 0.00630
51.19409 0.00613
51.29295 0.00644
51.39467 0.00606
51.49452 0.01335
51.59437 0.00666
51.69346 0.00668
51.79197 0.00676
51.89468 0.00703
51.99452 0.00634
52.09438 0.00746
52.19421 0.02039
52.29404 0.00821
52.39467 0.00665
52.49452 0.00651
52.59437 0.01794
52.69421 0.00630
52.79405 0.00613
52.89444 0.00842
52.99303 0.00660
53.09435 0.02069
53.19420 0.01863
53.29402 0.00589
53.39466 0.00585
53.49449 0.02072
53.59431 0.00667
53.69415 0.01050
53.79438 0.01944
53.89422 0.00707
53.99406 0.00798
54.09470 0.00717
54.19438 0.00773
54.29328 0.00666
54.39422 0.00927
54.49405 0.00771
54.59469 0.00705
54.69453 0.01846
54.79437 0.01900
54.89422 0.00963
54.99406 0.00657
55.09432 0.01668
55.19454 0.01091
55.29437 0.00630
55.39420 0.01760
55.49404 0.01827
55.59334 0.01369
55.69452 0.01252
55.79435 0.00583
55.89418 0.00598
55.99442 0.00613
56.09425 0.01641
56.19408 0.00580
56.29472 0.00560
56.39457 0.00541
56.49442 0.00757
56.59426 0.01735
56.69409 0.00537
56.79403 0.00705
56.89458 0.00543
56.99440 0.00695
57.09425 0.00763
57.19408 0.00914
57.29470 0.00600
57.39456 0.00594
57.49440 0.00602
57.59424 0.00604
57.69408 0.00599
57.79472 0.01119
57.89456 0.01927
57.99440 0.00737
58.09404 0.00617
58.19308 0.00716
58.29473 0.00654
58.39456 0.00611
58.49440 0.00688
58.59424 0.00611
58.69409 0.00586
58.79473 0.00682
58.89457 0.00635
58.99443 0.00601
59.09427 0.00585
