Performing C++ SOURCE FILE Test CMAKE_HAVE_LIBC_PTHREAD failed with the following output:
Change Dir: /home/user/GitHub/catkin_ws/build/livox_ros_driver/CMakeFiles/CMakeTmp

Run Build Command(s):/usr/bin/make cmTC_7536c/fast && /usr/bin/make -f CMakeFiles/cmTC_7536c.dir/build.make CMakeFiles/cmTC_7536c.dir/build
make[1]: 進入目錄「/home/user/GitHub/catkin_ws/build/livox_ros_driver/CMakeFiles/CMakeTmp」
Building CXX object CMakeFiles/cmTC_7536c.dir/src.cxx.o
/usr/bin/c++    -DCMAKE_HAVE_LIBC_PTHREAD   -o CMakeFiles/cmTC_7536c.dir/src.cxx.o -c /home/user/GitHub/catkin_ws/build/livox_ros_driver/CMakeFiles/CMakeTmp/src.cxx
Linking CXX executable cmTC_7536c
/usr/bin/cmake -E cmake_link_script CMakeFiles/cmTC_7536c.dir/link.txt --verbose=1
/usr/bin/c++   -DCMAKE_HAVE_LIBC_PTHREAD    -rdynamic CMakeFiles/cmTC_7536c.dir/src.cxx.o  -o cmTC_7536c 
/usr/bin/ld: CMakeFiles/cmTC_7536c.dir/src.cxx.o: in function `main':
src.cxx:(.text+0x46): undefined reference to `pthread_create'
/usr/bin/ld: src.cxx:(.text+0x52): undefined reference to `pthread_detach'
/usr/bin/ld: src.cxx:(.text+0x63): undefined reference to `pthread_join'
collect2: error: ld returned 1 exit status
make[1]: *** [CMakeFiles/cmTC_7536c.dir/build.make:87：cmTC_7536c] 錯誤 1
make[1]: 離開目錄「/home/user/GitHub/catkin_ws/build/livox_ros_driver/CMakeFiles/CMakeTmp」
make: *** [Makefile:121：cmTC_7536c/fast] 錯誤 2


Source file was:
#include <pthread.h>

void* test_func(void* data)
{
  return data;
}

int main(void)
{
  pthread_t thread;
  pthread_create(&thread, NULL, test_func, NULL);
  pthread_detach(thread);
  pthread_join(thread, NULL);
  pthread_atfork(NULL, NULL, NULL);
  pthread_exit(NULL);

  return 0;
}

Determining if the function pthread_create exists in the pthreads failed with the following output:
Change Dir: /home/user/GitHub/catkin_ws/build/livox_ros_driver/CMakeFiles/CMakeTmp

Run Build Command(s):/usr/bin/make cmTC_4c1ea/fast && /usr/bin/make -f CMakeFiles/cmTC_4c1ea.dir/build.make CMakeFiles/cmTC_4c1ea.dir/build
make[1]: 進入目錄「/home/user/GitHub/catkin_ws/build/livox_ros_driver/CMakeFiles/CMakeTmp」
Building CXX object CMakeFiles/cmTC_4c1ea.dir/CheckFunctionExists.cxx.o
/usr/bin/c++    -DCHECK_FUNCTION_EXISTS=pthread_create   -o CMakeFiles/cmTC_4c1ea.dir/CheckFunctionExists.cxx.o -c /home/user/GitHub/catkin_ws/build/livox_ros_driver/CMakeFiles/CheckLibraryExists/CheckFunctionExists.cxx
Linking CXX executable cmTC_4c1ea
/usr/bin/cmake -E cmake_link_script CMakeFiles/cmTC_4c1ea.dir/link.txt --verbose=1
/usr/bin/c++   -DCHECK_FUNCTION_EXISTS=pthread_create    -rdynamic CMakeFiles/cmTC_4c1ea.dir/CheckFunctionExists.cxx.o  -o cmTC_4c1ea  -lpthreads 
/usr/bin/ld: 找不到 -lpthreads
collect2: error: ld returned 1 exit status
make[1]: *** [CMakeFiles/cmTC_4c1ea.dir/build.make:87：cmTC_4c1ea] 錯誤 1
make[1]: 離開目錄「/home/user/GitHub/catkin_ws/build/livox_ros_driver/CMakeFiles/CMakeTmp」
make: *** [Makefile:121：cmTC_4c1ea/fast] 錯誤 2



